<?xml version="1.0" encoding="UTF-8"?>
<!-- Generated by org.testng.reporters.JUnitXMLReporter -->
<testsuite ignored="0" hostname="DESKTOP-HJKF6RT" failures="0" tests="8" name="Default test" time="66.462" errors="0" timestamp="2022-12-30T03:47:45 GMT-08:00">
  <testcase classname="com.sgtesting.scenorio.Assignment2" name="LaunchBrowser" time="1.925"/>
  <testcase classname="com.sgtesting.scenorio.Assignment2" name="navigate" time="5.656"/>
  <testcase classname="com.sgtesting.scenorio.Assignment2" name="login" time="7.275"/>
  <testcase classname="com.sgtesting.scenorio.Assignment2" name="Createuser" time="18.964"/>
  <testcase classname="com.sgtesting.scenorio.Assignment2" name="modifieuser" time="10.678"/>
  <testcase classname="com.sgtesting.scenorio.Assignment2" name="deleteuser" time="17.31"/>
  <testcase classname="com.sgtesting.scenorio.Assignment2" name="Logout" time="4.306"/>
  <testcase classname="com.sgtesting.scenorio.Assignment2" name="closeApp" time="0.26"/>
</testsuite> <!-- Default test -->
