<?xml version="1.0" encoding="UTF-8"?>
<testng-results ignored="0" total="8" passed="8" failed="0" skipped="0">
  <reporter-output>
  </reporter-output>
  <suite started-at="2022-12-30T03:46:38 GMT-08:00" name="Default suite" finished-at="2022-12-30T03:47:45 GMT-08:00" duration-ms="66462">
    <groups>
    </groups>
    <test started-at="2022-12-30T03:46:38 GMT-08:00" name="Default test" finished-at="2022-12-30T03:47:45 GMT-08:00" duration-ms="66462">
      <class name="com.sgtesting.scenorio.Assignment2">
        <test-method signature="LaunchBrowser()[pri:1, instance:com.sgtesting.scenorio.Assignment2@5562c41e]" started-at="2022-12-30T03:46:38 GMT-08:00" name="LaunchBrowser" finished-at="2022-12-30T03:46:40 GMT-08:00" duration-ms="1925" status="PASS">
          <reporter-output>
          </reporter-output>
        </test-method> <!-- LaunchBrowser -->
        <test-method signature="navigate()[pri:2, instance:com.sgtesting.scenorio.Assignment2@5562c41e]" started-at="2022-12-30T03:46:40 GMT-08:00" name="navigate" finished-at="2022-12-30T03:46:46 GMT-08:00" duration-ms="5656" status="PASS">
          <reporter-output>
          </reporter-output>
        </test-method> <!-- navigate -->
        <test-method signature="login(java.lang.String,java.lang.String)[pri:3, instance:com.sgtesting.scenorio.Assignment2@5562c41e]" started-at="2022-12-30T03:46:46 GMT-08:00" name="login" data-provider="Login" finished-at="2022-12-30T03:46:53 GMT-08:00" duration-ms="7275" status="PASS">
          <params>
            <param index="0">
              <value>
                <![CDATA[admin]]>
              </value>
            </param>
            <param index="1">
              <value>
                <![CDATA[manager]]>
              </value>
            </param>
          </params>
          <reporter-output>
          </reporter-output>
        </test-method> <!-- login -->
        <test-method signature="Createuser(java.lang.String,java.lang.String,java.lang.String,java.lang.String,java.lang.String,java.lang.String)[pri:4, instance:com.sgtesting.scenorio.Assignment2@5562c41e]" started-at="2022-12-30T03:46:53 GMT-08:00" name="Createuser" data-provider="Createuser" finished-at="2022-12-30T03:47:12 GMT-08:00" duration-ms="18964" status="PASS">
          <params>
            <param index="0">
              <value>
                <![CDATA[demoss]]>
              </value>
            </param>
            <param index="1">
              <value>
                <![CDATA[User2]]>
              </value>
            </param>
            <param index="2">
              <value>
                <![CDATA[demoss@yahoo.com]]>
              </value>
            </param>
            <param index="3">
              <value>
                <![CDATA[demoUser2]]>
              </value>
            </param>
            <param index="4">
              <value>
                <![CDATA[Welcome12]]>
              </value>
            </param>
            <param index="5">
              <value>
                <![CDATA[Welcome12]]>
              </value>
            </param>
          </params>
          <reporter-output>
          </reporter-output>
        </test-method> <!-- Createuser -->
        <test-method signature="modifieuser()[pri:5, instance:com.sgtesting.scenorio.Assignment2@5562c41e]" started-at="2022-12-30T03:47:12 GMT-08:00" name="modifieuser" finished-at="2022-12-30T03:47:23 GMT-08:00" duration-ms="10678" status="PASS">
          <reporter-output>
          </reporter-output>
        </test-method> <!-- modifieuser -->
        <test-method signature="deleteuser()[pri:6, instance:com.sgtesting.scenorio.Assignment2@5562c41e]" started-at="2022-12-30T03:47:23 GMT-08:00" name="deleteuser" finished-at="2022-12-30T03:47:40 GMT-08:00" duration-ms="17310" status="PASS">
          <reporter-output>
          </reporter-output>
        </test-method> <!-- deleteuser -->
        <test-method signature="Logout()[pri:7, instance:com.sgtesting.scenorio.Assignment2@5562c41e]" started-at="2022-12-30T03:47:40 GMT-08:00" name="Logout" finished-at="2022-12-30T03:47:45 GMT-08:00" duration-ms="4306" status="PASS">
          <reporter-output>
          </reporter-output>
        </test-method> <!-- Logout -->
        <test-method signature="closeApp()[pri:8, instance:com.sgtesting.scenorio.Assignment2@5562c41e]" started-at="2022-12-30T03:47:45 GMT-08:00" name="closeApp" finished-at="2022-12-30T03:47:45 GMT-08:00" duration-ms="260" status="PASS">
          <reporter-output>
          </reporter-output>
        </test-method> <!-- closeApp -->
      </class> <!-- com.sgtesting.scenorio.Assignment2 -->
    </test> <!-- Default test -->
  </suite> <!-- Default suite -->
</testng-results>
